<?xml version="1.0" encoding="UTF-8"?>
<!-- Generated by org.testng.reporters.JUnitXMLReporter -->
<testsuite hostname="TBISB6666LT210" name="Default test" tests="5" failures="0" timestamp="17 Jul 2020 07:01:51 GMT" time="9.402" errors="0">
  <testcase name="addNewPet" time="3.595" classname="org.brit.tests.PetClassWithRequestSpec"/>
  <testcase name="getPetById" time="0.743" classname="org.brit.tests.PetClassWithRequestSpec"/>
  <testcase name="getPetByIdAndDoCheck" time="0.974" classname="org.brit.tests.PetClassWithRequestSpec"/>
  <testcase name="getPetsByStatus" time="1.74" classname="org.brit.tests.PetClassWithRequestSpec"/>
  <testcase name="updateExistingPet" time="1.612" classname="org.brit.tests.PetClassWithRequestSpec"/>
</testsuite> <!-- Default test -->
